# JRE version: OpenJDK Runtime Environment Temurin-21.0.10+7 (21.0.10+7) (build 21.0.10+7-LTS)
# Java VM: OpenJDK 64-Bit Server VM Temurin-21.0.10+7 (21.0.10+7-LTS, mixed mode, sharing, tiered, compressed oops, compressed class ptrs, parallel gc, windows-amd64)
GC Precious Log:
 CardTable entry size: 512
 CPUs: 20 total, 20 available
 Memory: 16108M
 Large Page Support: Disabled
 NUMA Support: Disabled
 Compressed Oops: Enabled (32-bit)
 Alignments: Space 512K, Generation 512K, Heap 2M
 Heap Min Capacity: 100M
 Heap Initial Capacity: 100M
 Heap Max Capacity: 2G
 Pre-touch: Disabled
 Parallel Workers: 15
Heap:
 PSYoungGen      total 8192K, used 8192K [0x00000000d5580000, 0x00000000d6000000, 0x0000000100000000)
  eden space 7680K, 100% used [0x00000000d5580000,0x00000000d5d00000,0x00000000d5d00000)
  from space 512K, 100% used [0x00000000d5f80000,0x00000000d6000000,0x00000000d6000000)
  to   space 1536K, 53% used [0x00000000d5d00000,0x00000000d5dcbe60,0x00000000d5e80000)
 ParOldGen       total 178688K, used 178273K [0x0000000080000000, 0x000000008ae80000, 0x00000000d5580000)
  object space 178688K, 99% used [0x0000000080000000,0x000000008ae18628,0x000000008ae80000)
 Metaspace       used 75079K, committed 76608K, reserved 1179648K
  class space    used 7882K, committed 8576K, reserved 1048576K
GC Heap History (20 events):
Event: 24.920 GC heap after
{Heap after GC invocations=193 (full 3):
 PSYoungGen      total 9728K, used 768K [0x00000000d5580000, 0x00000000d6000000, 0x0000000100000000)
  eden space 8704K, 0% used [0x00000000d5580000,0x00000000d5580000,0x00000000d5e00000)
  from space 1024K, 75% used [0x00000000d5f00000,0x00000000d5fc0000,0x00000000d6000000)
  to   space 1024K, 0% used [0x00000000d5e00000,0x00000000d5e00000,0x00000000d5f00000)
 ParOldGen       total 173056K, used 172948K [0x0000000080000000, 0x000000008a900000, 0x00000000d5580000)
  object space 173056K, 99% used [0x0000000080000000,0x000000008a8e50c0,0x000000008a900000)
 Metaspace       used 74720K, committed 76288K, reserved 1179648K
  class space    used 7881K, committed 8576K, reserved 1048576K
}
Event: 24.950 GC heap before
{Heap before GC invocations=194 (full 3):
 PSYoungGen      total 9728K, used 9472K [0x00000000d5580000, 0x00000000d6000000, 0x0000000100000000)
  eden space 8704K, 100% used [0x00000000d5580000,0x00000000d5e00000,0x00000000d5e00000)
  from space 1024K, 75% used [0x00000000d5f00000,0x00000000d5fc0000,0x00000000d6000000)
  to   space 1024K, 0% used [0x00000000d5e00000,0x00000000d5e00000,0x00000000d5f00000)
 ParOldGen       total 173056K, used 172949K [0x0000000080000000, 0x000000008a900000, 0x00000000d5580000)
  object space 173056K, 99% used [0x0000000080000000,0x000000008a8e5708,0x000000008a900000)
 Metaspace       used 74799K, committed 76352K, reserved 1179648K
  class space    used 7882K, committed 8576K, reserved 1048576K
}
Event: 24.953 GC heap after
{Heap after GC invocations=194 (full 3):
 PSYoungGen      total 9728K, used 789K [0x00000000d5580000, 0x00000000d6000000, 0x0000000100000000)
  eden space 8704K, 0% used [0x00000000d5580000,0x00000000d5580000,0x00000000d5e00000)
  from space 1024K, 77% used [0x00000000d5e00000,0x00000000d5ec57a0,0x00000000d5f00000)
  to   space 1024K, 0% used [0x00000000d5f00000,0x00000000d5f00000,0x00000000d6000000)
 ParOldGen       total 173568K, used 173499K [0x0000000080000000, 0x000000008a980000, 0x00000000d5580000)
  object space 173568K, 99% used [0x0000000080000000,0x000000008a96ef08,0x000000008a980000)
 Metaspace       used 74799K, committed 76352K, reserved 1179648K
  class space    used 7882K, committed 8576K, reserved 1048576K
}
Event: 24.978 GC heap before
{Heap before GC invocations=195 (full 3):
 PSYoungGen      total 9728K, used 9493K [0x00000000d5580000, 0x00000000d6000000, 0x0000000100000000)
  eden space 8704K, 100% used [0x00000000d5580000,0x00000000d5e00000,0x00000000d5e00000)
  from space 1024K, 77% used [0x00000000d5e00000,0x00000000d5ec57a0,0x00000000d5f00000)
  to   space 1024K, 0% used [0x00000000d5f00000,0x00000000d5f00000,0x00000000d6000000)
 ParOldGen       total 173568K, used 173499K [0x0000000080000000, 0x000000008a980000, 0x00000000d5580000)
  object space 173568K, 99% used [0x0000000080000000,0x000000008a96ef08,0x000000008a980000)
 Metaspace       used 74817K, committed 76352K, reserved 1179648K
  class space    used 7882K, committed 8576K, reserved 1048576K
}
Event: 24.981 GC heap after
{Heap after GC invocations=195 (full 3):
 PSYoungGen      total 9728K, used 711K [0x00000000d5580000, 0x00000000d6000000, 0x0000000100000000)
  eden space 8704K, 0% used [0x00000000d5580000,0x00000000d5580000,0x00000000d5e00000)
  from space 1024K, 69% used [0x00000000d5f00000,0x00000000d5fb1d68,0x00000000d6000000)
  to   space 1024K, 0% used [0x00000000d5e00000,0x00000000d5e00000,0x00000000d5f00000)
 ParOldGen       total 174080K, used 174029K [0x0000000080000000, 0x000000008aa00000, 0x00000000d5580000)
  object space 174080K, 99% used [0x0000000080000000,0x000000008a9f3780,0x000000008aa00000)
 Metaspace       used 74817K, committed 76352K, reserved 1179648K
  class space    used 7882K, committed 8576K, reserved 1048576K
}
Event: 25.005 GC heap before
{Heap before GC invocations=196 (full 3):
 PSYoungGen      total 9728K, used 9415K [0x00000000d5580000, 0x00000000d6000000, 0x0000000100000000)
  eden space 8704K, 100% used [0x00000000d5580000,0x00000000d5e00000,0x00000000d5e00000)
  from space 1024K, 69% used [0x00000000d5f00000,0x00000000d5fb1d68,0x00000000d6000000)
  to   space 1024K, 0% used [0x00000000d5e00000,0x00000000d5e00000,0x00000000d5f00000)
 ParOldGen       total 174080K, used 174029K [0x0000000080000000, 0x000000008aa00000, 0x00000000d5580000)
  object space 174080K, 99% used [0x0000000080000000,0x000000008a9f3780,0x000000008aa00000)
 Metaspace       used 74867K, committed 76416K, reserved 1179648K
  class space    used 7882K, committed 8576K, reserved 1048576K
}
Event: 25.011 GC heap after
{Heap after GC invocations=196 (full 3):
 PSYoungGen      total 9728K, used 689K [0x00000000d5580000, 0x00000000d6000000, 0x0000000100000000)
  eden space 8704K, 0% used [0x00000000d5580000,0x00000000d5580000,0x00000000d5e00000)
  from space 1024K, 67% used [0x00000000d5e00000,0x00000000d5eac608,0x00000000d5f00000)
  to   space 1024K, 0% used [0x00000000d5f00000,0x00000000d5f00000,0x00000000d6000000)
 ParOldGen       total 174592K, used 174551K [0x0000000080000000, 0x000000008aa80000, 0x00000000d5580000)
  object space 174592K, 99% used [0x0000000080000000,0x000000008aa75d00,0x000000008aa80000)
 Metaspace       used 74867K, committed 76416K, reserved 1179648K
  class space    used 7882K, committed 8576K, reserved 1048576K
}
Event: 25.056 GC heap before
{Heap before GC invocations=197 (full 3):
 PSYoungGen      total 9728K, used 9393K [0x00000000d5580000, 0x00000000d6000000, 0x0000000100000000)
  eden space 8704K, 100% used [0x00000000d5580000,0x00000000d5e00000,0x00000000d5e00000)
  from space 1024K, 67% used [0x00000000d5e00000,0x00000000d5eac608,0x00000000d5f00000)
  to   space 1024K, 0% used [0x00000000d5f00000,0x00000000d5f00000,0x00000000d6000000)
 ParOldGen       total 174592K, used 174551K [0x0000000080000000, 0x000000008aa80000, 0x00000000d5580000)
  object space 174592K, 99% used [0x0000000080000000,0x000000008aa75d00,0x000000008aa80000)
 Metaspace       used 74910K, committed 76480K, reserved 1179648K
  class space    used 7882K, committed 8576K, reserved 1048576K
}
Event: 25.063 GC heap after
{Heap after GC invocations=197 (full 3):
 PSYoungGen      total 8704K, used 1000K [0x00000000d5580000, 0x00000000d6200000, 0x0000000100000000)
  eden space 7680K, 0% used [0x00000000d5580000,0x00000000d5580000,0x00000000d5d00000)
  from space 1024K, 97% used [0x00000000d5f00000,0x00000000d5ffa068,0x00000000d6000000)
  to   space 2048K, 0% used [0x00000000d5d00000,0x00000000d5d00000,0x00000000d5f00000)
 ParOldGen       total 175616K, used 175252K [0x0000000080000000, 0x000000008ab80000, 0x00000000d5580000)
  object space 175616K, 99% used [0x0000000080000000,0x000000008ab252a0,0x000000008ab80000)
 Metaspace       used 74910K, committed 76480K, reserved 1179648K
  class space    used 7882K, committed 8576K, reserved 1048576K
}
Event: 25.092 GC heap before
{Heap before GC invocations=198 (full 3):
 PSYoungGen      total 8704K, used 8680K [0x00000000d5580000, 0x00000000d6200000, 0x0000000100000000)
  eden space 7680K, 100% used [0x00000000d5580000,0x00000000d5d00000,0x00000000d5d00000)
  from space 1024K, 97% used [0x00000000d5f00000,0x00000000d5ffa068,0x00000000d6000000)
  to   space 2048K, 0% used [0x00000000d5d00000,0x00000000d5d00000,0x00000000d5f00000)
 ParOldGen       total 175616K, used 175252K [0x0000000080000000, 0x000000008ab80000, 0x00000000d5580000)
  object space 175616K, 99% used [0x0000000080000000,0x000000008ab252d0,0x000000008ab80000)
 Metaspace       used 74937K, committed 76480K, reserved 1179648K
  class space    used 7882K, committed 8576K, reserved 1048576K
}
Event: 25.097 GC heap after
{Heap after GC invocations=198 (full 3):
 PSYoungGen      total 9728K, used 850K [0x00000000d5580000, 0x00000000d6100000, 0x0000000100000000)
  eden space 7680K, 0% used [0x00000000d5580000,0x00000000d5580000,0x00000000d5d00000)
  from space 2048K, 41% used [0x00000000d5d00000,0x00000000d5dd4b40,0x00000000d5f00000)
  to   space 1536K, 0% used [0x00000000d5f80000,0x00000000d5f80000,0x00000000d6100000)
 ParOldGen       total 176640K, used 176196K [0x0000000080000000, 0x000000008ac80000, 0x00000000d5580000)
  object space 176640K, 99% used [0x0000000080000000,0x000000008ac113e8,0x000000008ac80000)
 Metaspace       used 74937K, committed 76480K, reserved 1179648K
  class space    used 7882K, committed 8576K, reserved 1048576K
}
Event: 25.119 GC heap before
{Heap before GC invocations=199 (full 3):
 PSYoungGen      total 9728K, used 8530K [0x00000000d5580000, 0x00000000d6100000, 0x0000000100000000)
  eden space 7680K, 100% used [0x00000000d5580000,0x00000000d5d00000,0x00000000d5d00000)
  from space 2048K, 41% used [0x00000000d5d00000,0x00000000d5dd4b40,0x00000000d5f00000)
  to   space 1536K, 0% used [0x00000000d5f80000,0x00000000d5f80000,0x00000000d6100000)
 ParOldGen       total 176640K, used 176199K [0x0000000080000000, 0x000000008ac80000, 0x00000000d5580000)
  object space 176640K, 99% used [0x0000000080000000,0x000000008ac11f20,0x000000008ac80000)
 Metaspace       used 74955K, committed 76480K, reserved 1179648K
  class space    used 7882K, committed 8576K, reserved 1048576K
}
Event: 25.121 GC heap after
{Heap after GC invocations=199 (full 3):
 PSYoungGen      total 8704K, used 742K [0x00000000d5580000, 0x00000000d6080000, 0x0000000100000000)
  eden space 7680K, 0% used [0x00000000d5580000,0x00000000d5580000,0x00000000d5d00000)
  from space 1024K, 72% used [0x00000000d5f80000,0x00000000d6039af0,0x00000000d6080000)
  to   space 1024K, 0% used [0x00000000d5e80000,0x00000000d5e80000,0x00000000d5f80000)
 ParOldGen       total 177152K, used 176760K [0x0000000080000000, 0x000000008ad00000, 0x00000000d5580000)
  object space 177152K, 99% used [0x0000000080000000,0x000000008ac9e0b0,0x000000008ad00000)
 Metaspace       used 74955K, committed 76480K, reserved 1179648K
  class space    used 7882K, committed 8576K, reserved 1048576K
}
Event: 25.161 GC heap before
{Heap before GC invocations=200 (full 3):
 PSYoungGen      total 8704K, used 8422K [0x00000000d5580000, 0x00000000d6080000, 0x0000000100000000)
  eden space 7680K, 100% used [0x00000000d5580000,0x00000000d5d00000,0x00000000d5d00000)
  from space 1024K, 72% used [0x00000000d5f80000,0x00000000d6039af0,0x00000000d6080000)
  to   space 1024K, 0% used [0x00000000d5e80000,0x00000000d5e80000,0x00000000d5f80000)
 ParOldGen       total 177152K, used 176760K [0x0000000080000000, 0x000000008ad00000, 0x00000000d5580000)
  object space 177152K, 99% used [0x0000000080000000,0x000000008ac9e0b0,0x000000008ad00000)
 Metaspace       used 75015K, committed 76544K, reserved 1179648K
  class space    used 7882K, committed 8576K, reserved 1048576K
}
Event: 25.165 GC heap after
{Heap after GC invocations=200 (full 3):
 PSYoungGen      total 8704K, used 832K [0x00000000d5580000, 0x00000000d6000000, 0x0000000100000000)
  eden space 7680K, 0% used [0x00000000d5580000,0x00000000d5580000,0x00000000d5d00000)
  from space 1024K, 81% used [0x00000000d5e80000,0x00000000d5f50000,0x00000000d5f80000)
  to   space 512K, 0% used [0x00000000d5f80000,0x00000000d5f80000,0x00000000d6000000)
 ParOldGen       total 177664K, used 177200K [0x0000000080000000, 0x000000008ad80000, 0x00000000d5580000)
  object space 177664K, 99% used [0x0000000080000000,0x000000008ad0c268,0x000000008ad80000)
 Metaspace       used 75015K, committed 76544K, reserved 1179648K
  class space    used 7882K, committed 8576K, reserved 1048576K
}
Event: 25.190 GC heap before
{Heap before GC invocations=201 (full 3):
 PSYoungGen      total 8704K, used 8512K [0x00000000d5580000, 0x00000000d6000000, 0x0000000100000000)
  eden space 7680K, 100% used [0x00000000d5580000,0x00000000d5d00000,0x00000000d5d00000)
  from space 1024K, 81% used [0x00000000d5e80000,0x00000000d5f50000,0x00000000d5f80000)
  to   space 512K, 0% used [0x00000000d5f80000,0x00000000d5f80000,0x00000000d6000000)
 ParOldGen       total 177664K, used 177200K [0x0000000080000000, 0x000000008ad80000, 0x00000000d5580000)
  object space 177664K, 99% used [0x0000000080000000,0x000000008ad0c268,0x000000008ad80000)
 Metaspace       used 75050K, committed 76608K, reserved 1179648K
  class space    used 7882K, committed 8576K, reserved 1048576K
}
Event: 25.194 GC heap after
{Heap after GC invocations=201 (full 3):
 PSYoungGen      total 8192K, used 512K [0x00000000d5580000, 0x00000000d6000000, 0x0000000100000000)
  eden space 7680K, 0% used [0x00000000d5580000,0x00000000d5580000,0x00000000d5d00000)
  from space 512K, 100% used [0x00000000d5f80000,0x00000000d6000000,0x00000000d6000000)
  to   space 1536K, 0% used [0x00000000d5d00000,0x00000000d5d00000,0x00000000d5e80000)
 ParOldGen       total 178176K, used 177890K [0x0000000080000000, 0x000000008ae00000, 0x00000000d5580000)
  object space 178176K, 99% used [0x0000000080000000,0x000000008adb8a80,0x000000008ae00000)
 Metaspace       used 75050K, committed 76608K, reserved 1179648K
  class space    used 7882K, committed 8576K, reserved 1048576K
}
Event: 25.210 GC heap before
{Heap before GC invocations=202 (full 3):
 PSYoungGen      total 8192K, used 8192K [0x00000000d5580000, 0x00000000d6000000, 0x0000000100000000)
  eden space 7680K, 100% used [0x00000000d5580000,0x00000000d5d00000,0x00000000d5d00000)
  from space 512K, 100% used [0x00000000d5f80000,0x00000000d6000000,0x00000000d6000000)
  to   space 1536K, 0% used [0x00000000d5d00000,0x00000000d5d00000,0x00000000d5e80000)
 ParOldGen       total 178176K, used 177890K [0x0000000080000000, 0x000000008ae00000, 0x00000000d5580000)
  object space 178176K, 99% used [0x0000000080000000,0x000000008adb8a80,0x000000008ae00000)
 Metaspace       used 75079K, committed 76608K, reserved 1179648K
  class space    used 7882K, committed 8576K, reserved 1048576K
}
Event: 25.214 GC heap after
{Heap after GC invocations=202 (full 3):
 PSYoungGen      total 8192K, used 8192K [0x00000000d5580000, 0x00000000d6000000, 0x0000000100000000)
  eden space 7680K, 100% used [0x00000000d5580000,0x00000000d5d00000,0x00000000d5d00000)
  from space 512K, 100% used [0x00000000d5f80000,0x00000000d6000000,0x00000000d6000000)
  to   space 1536K, 53% used [0x00000000d5d00000,0x00000000d5dcbe60,0x00000000d5e80000)
 ParOldGen       total 178688K, used 178273K [0x0000000080000000, 0x000000008ae80000, 0x00000000d5580000)
  object space 178688K, 99% used [0x0000000080000000,0x000000008ae18628,0x000000008ae80000)
 Metaspace       used 75079K, committed 76608K, reserved 1179648K
  class space    used 7882K, committed 8576K, reserved 1048576K
}
Event: 25.214 GC heap before
{Heap before GC invocations=203 (full 4):
 PSYoungGen      total 8192K, used 8192K [0x00000000d5580000, 0x00000000d6000000, 0x0000000100000000)
  eden space 7680K, 100% used [0x00000000d5580000,0x00000000d5d00000,0x00000000d5d00000)
  from space 512K, 100% used [0x00000000d5f80000,0x00000000d6000000,0x00000000d6000000)
  to   space 1536K, 53% used [0x00000000d5d00000,0x00000000d5dcbe60,0x00000000d5e80000)
 ParOldGen       total 178688K, used 178273K [0x0000000080000000, 0x000000008ae80000, 0x00000000d5580000)
  object space 178688K, 99% used [0x0000000080000000,0x000000008ae18628,0x000000008ae80000)
 Metaspace       used 75079K, committed 76608K, reserved 1179648K
  class space    used 7882K, committed 8576K, reserved 1048576K
}

